-------------------------------------------------------------------------------
Test set: com.portfolio.FrescoD.FrescoDApplicationTests
-------------------------------------------------------------------------------
Tests run: 1, Failures: 0, Errors: 1, Skipped: 0, Time elapsed: 35.113 s <<< FAILURE! - in com.portfolio.FrescoD.FrescoDApplicationTests
contextLoads  Time elapsed: 0.003 s  <<< ERROR!
java.lang.IllegalStateException: Failed to load ApplicationContext for [WebMergedContextConfiguration@5491f68b testClass = com.portfolio.FrescoD.FrescoDApplicationTests, locations = [], classes = [com.portfolio.FrescoD.FrescoDApplication], contextInitializerClasses = [], activeProfiles = [], propertySourceLocations = [], propertySourceProperties = ["org.springframework.boot.test.context.SpringBootTestContextBootstrapper=true"], contextCustomizers = [org.springframework.boot.test.context.filter.ExcludeFilterContextCustomizer@121314f7, org.springframework.boot.test.json.DuplicateJsonObjectContextCustomizerFactory$DuplicateJsonObjectContextCustomizer@2e3967ea, org.springframework.boot.test.mock.mockito.MockitoContextCustomizer@0, org.springframework.boot.test.web.client.TestRestTemplateContextCustomizer@6340e5f0, org.springframework.boot.test.autoconfigure.actuate.observability.ObservabilityContextCustomizerFactory$DisableObservabilityContextCustomizer@9da1, org.springframework.boot.test.autoconfigure.properties.PropertyMappingContextCustomizer@0, org.springframework.boot.test.autoconfigure.web.servlet.WebDriverContextCustomizerFactory$Customizer@5b1669c0, org.springframework.boot.test.context.SpringBootTestAnnotation@c6ebefee], resourceBasePath = "src/main/webapp", contextLoader = org.springframework.boot.test.context.SpringBootContextLoader, parent = null]
Caused by: org.springframework.beans.factory.BeanDefinitionStoreException: Failed to process import candidates for configuration class [com.portfolio.FrescoD.Security.MainSecurity]: Unresolvable class definition for class [com.portfolio.FrescoD.Security.MainSecurity]
Caused by: java.lang.IllegalArgumentException: Unresolvable class definition for class [com.portfolio.FrescoD.Security.MainSecurity]
Caused by: java.lang.NoClassDefFoundError: org/springframework/security/config/annotation/web/configuration/WebSecurityConfigurerAdapter
Caused by: java.lang.ClassNotFoundException: org.springframework.security.config.annotation.web.configuration.WebSecurityConfigurerAdapter

